app/build/intermediates/manifest_merge_blame_file/debug/processDebugMainManifest/manifest-merger-blame-debug-report.txt
1<?xml version="1.0" encoding="utf-8"?>
2<manifest xmlns:android="http://schemas.android.com/apk/res/android"
3    package="com.helpofai.mymmusic"
4    android:versionCode="1"
5    android:versionName="1.0" >
6
7    <uses-sdk
8        android:minSdkVersion="30"
9        android:targetSdkVersion="36" />
10
11    <uses-permission
11-->src\main\AndroidManifest.xml:5:5-107
12        android:name="android.permission.READ_EXTERNAL_STORAGE"
12-->src\main\AndroidManifest.xml:5:22-77
13        android:maxSdkVersion="32" />
13-->src\main\AndroidManifest.xml:5:78-104
14    <uses-permission android:name="android.permission.READ_MEDIA_AUDIO" />
14-->src\main\AndroidManifest.xml:6:5-75
14-->src\main\AndroidManifest.xml:6:22-72
15    <uses-permission android:name="android.permission.RECORD_AUDIO" />
15-->src\main\AndroidManifest.xml:7:5-71
15-->src\main\AndroidManifest.xml:7:22-68
16    <uses-permission android:name="android.permission.FOREGROUND_SERVICE" />
16-->src\main\AndroidManifest.xml:8:5-77
16-->src\main\AndroidManifest.xml:8:22-74
17    <uses-permission android:name="android.permission.FOREGROUND_SERVICE_MEDIA_PLAYBACK" />
17-->src\main\AndroidManifest.xml:9:5-92
17-->src\main\AndroidManifest.xml:9:22-89
18    <uses-permission android:name="android.permission.POST_NOTIFICATIONS" />
18-->src\main\AndroidManifest.xml:10:5-77
18-->src\main\AndroidManifest.xml:10:22-74
19    <uses-permission android:name="android.permission.ACCESS_NETWORK_STATE" />
19-->[androidx.media3:media3-common:1.5.1] AndroidManifest.xml:22:5-79
19-->[androidx.media3:media3-common:1.5.1] AndroidManifest.xml:22:22-76
20
21    <permission
21-->[androidx.core:core:1.17.0] AndroidManifest.xml:22:5-24:47
22        android:name="com.helpofai.mymmusic.DYNAMIC_RECEIVER_NOT_EXPORTED_PERMISSION"
22-->[androidx.core:core:1.17.0] AndroidManifest.xml:23:9-81
23        android:protectionLevel="signature" />
23-->[androidx.core:core:1.17.0] AndroidManifest.xml:24:9-44
24
25    <uses-permission android:name="com.helpofai.mymmusic.DYNAMIC_RECEIVER_NOT_EXPORTED_PERMISSION" />
25-->[androidx.core:core:1.17.0] AndroidManifest.xml:26:5-97
25-->[androidx.core:core:1.17.0] AndroidManifest.xml:26:22-94
26
27    <application
27-->src\main\AndroidManifest.xml:12:5-42:19
28        android:name="com.helpofai.mymmusic.MusicApplication"
28-->src\main\AndroidManifest.xml:13:9-41
29        android:allowBackup="true"
29-->src\main\AndroidManifest.xml:14:9-35
30        android:appComponentFactory="androidx.core.app.CoreComponentFactory"
30-->[androidx.core:core:1.17.0] AndroidManifest.xml:28:18-86
31        android:dataExtractionRules="@xml/data_extraction_rules"
31-->src\main\AndroidManifest.xml:15:9-65
32        android:debuggable="true"
33        android:extractNativeLibs="false"
34        android:fullBackupContent="@xml/backup_rules"
34-->src\main\AndroidManifest.xml:16:9-54
35        android:icon="@mipmap/ic_launcher"
35-->src\main\AndroidManifest.xml:17:9-43
36        android:label="@string/app_name"
36-->src\main\AndroidManifest.xml:18:9-41
37        android:roundIcon="@mipmap/ic_launcher_round"
37-->src\main\AndroidManifest.xml:19:9-54
38        android:supportsRtl="true"
38-->src\main\AndroidManifest.xml:20:9-35
39        android:testOnly="true"
40        android:theme="@style/Theme.MyMMusic" >
40-->src\main\AndroidManifest.xml:21:9-46
41        <activity
41-->src\main\AndroidManifest.xml:23:9-31:20
42            android:name="com.helpofai.mymmusic.MainActivity"
42-->src\main\AndroidManifest.xml:24:13-41
43            android:exported="true"
43-->src\main\AndroidManifest.xml:25:13-36
44            android:theme="@style/Theme.MyMMusic" >
44-->src\main\AndroidManifest.xml:26:13-50
45            <intent-filter>
45-->src\main\AndroidManifest.xml:27:13-30:29
46                <action android:name="android.intent.action.MAIN" />
46-->src\main\AndroidManifest.xml:28:17-69
46-->src\main\AndroidManifest.xml:28:25-66
47
48                <category android:name="android.intent.category.LAUNCHER" />
48-->src\main\AndroidManifest.xml:29:17-77
48-->src\main\AndroidManifest.xml:29:27-74
49            </intent-filter>
50        </activity>
51
52        <service
52-->src\main\AndroidManifest.xml:33:9-40:19
53            android:name="com.helpofai.mymmusic.media.MediaPlaybackService"
53-->src\main\AndroidManifest.xml:34:13-55
54            android:exported="false"
54-->src\main\AndroidManifest.xml:36:13-37
55            android:foregroundServiceType="mediaPlayback" >
55-->src\main\AndroidManifest.xml:35:13-58
56            <intent-filter>
56-->src\main\AndroidManifest.xml:37:13-39:29
57                <action android:name="androidx.media3.session.MediaSessionService" />
57-->src\main\AndroidManifest.xml:38:17-86
57-->src\main\AndroidManifest.xml:38:25-83
58            </intent-filter>
59        </service>
60
61        <activity
61-->[androidx.compose.ui:ui-tooling-android:1.7.6] AndroidManifest.xml:23:9-25:39
62            android:name="androidx.compose.ui.tooling.PreviewActivity"
62-->[androidx.compose.ui:ui-tooling-android:1.7.6] AndroidManifest.xml:24:13-71
63            android:exported="true" />
63-->[androidx.compose.ui:ui-tooling-android:1.7.6] AndroidManifest.xml:25:13-36
64
65        <provider
65-->[androidx.lifecycle:lifecycle-process:2.8.7] AndroidManifest.xml:24:9-32:20
66            android:name="androidx.startup.InitializationProvider"
66-->[androidx.lifecycle:lifecycle-process:2.8.7] AndroidManifest.xml:25:13-67
67            android:authorities="com.helpofai.mymmusic.androidx-startup"
67-->[androidx.lifecycle:lifecycle-process:2.8.7] AndroidManifest.xml:26:13-68
68            android:exported="false" >
68-->[androidx.lifecycle:lifecycle-process:2.8.7] AndroidManifest.xml:27:13-37
69            <meta-data
69-->[androidx.lifecycle:lifecycle-process:2.8.7] AndroidManifest.xml:29:13-31:52
70                android:name="androidx.lifecycle.ProcessLifecycleInitializer"
70-->[androidx.lifecycle:lifecycle-process:2.8.7] AndroidManifest.xml:30:17-78
71                android:value="androidx.startup" />
71-->[androidx.lifecycle:lifecycle-process:2.8.7] AndroidManifest.xml:31:17-49
72            <meta-data
72-->[androidx.emoji2:emoji2:1.3.0] AndroidManifest.xml:29:13-31:52
73                android:name="androidx.emoji2.text.EmojiCompatInitializer"
73-->[androidx.emoji2:emoji2:1.3.0] AndroidManifest.xml:30:17-75
74                android:value="androidx.startup" />
74-->[androidx.emoji2:emoji2:1.3.0] AndroidManifest.xml:31:17-49
75            <meta-data
75-->[androidx.profileinstaller:profileinstaller:1.3.1] AndroidManifest.xml:29:13-31:52
76                android:name="androidx.profileinstaller.ProfileInstallerInitializer"
76-->[androidx.profileinstaller:profileinstaller:1.3.1] AndroidManifest.xml:30:17-85
77                android:value="androidx.startup" />
77-->[androidx.profileinstaller:profileinstaller:1.3.1] AndroidManifest.xml:31:17-49
78        </provider>
79
80        <service
80-->[androidx.room:room-runtime:2.6.1] AndroidManifest.xml:24:9-28:63
81            android:name="androidx.room.MultiInstanceInvalidationService"
81-->[androidx.room:room-runtime:2.6.1] AndroidManifest.xml:25:13-74
82            android:directBootAware="true"
82-->[androidx.room:room-runtime:2.6.1] AndroidManifest.xml:26:13-43
83            android:exported="false" />
83-->[androidx.room:room-runtime:2.6.1] AndroidManifest.xml:27:13-37
84
85        <receiver
85-->[androidx.profileinstaller:profileinstaller:1.3.1] AndroidManifest.xml:34:9-52:20
86            android:name="androidx.profileinstaller.ProfileInstallReceiver"
86-->[androidx.profileinstaller:profileinstaller:1.3.1] AndroidManifest.xml:35:13-76
87            android:directBootAware="false"
87-->[androidx.profileinstaller:profileinstaller:1.3.1] AndroidManifest.xml:36:13-44
88            android:enabled="true"
88-->[androidx.profileinstaller:profileinstaller:1.3.1] AndroidManifest.xml:37:13-35
89            android:exported="true"
89-->[androidx.profileinstaller:profileinstaller:1.3.1] AndroidManifest.xml:38:13-36
90            android:permission="android.permission.DUMP" >
90-->[androidx.profileinstaller:profileinstaller:1.3.1] AndroidManifest.xml:39:13-57
91            <intent-filter>
91-->[androidx.profileinstaller:profileinstaller:1.3.1] AndroidManifest.xml:40:13-42:29
92                <action android:name="androidx.profileinstaller.action.INSTALL_PROFILE" />
92-->[androidx.profileinstaller:profileinstaller:1.3.1] AndroidManifest.xml:41:17-91
92-->[androidx.profileinstaller:profileinstaller:1.3.1] AndroidManifest.xml:41:25-88
93            </intent-filter>
94            <intent-filter>
94-->[androidx.profileinstaller:profileinstaller:1.3.1] AndroidManifest.xml:43:13-45:29
95                <action android:name="androidx.profileinstaller.action.SKIP_FILE" />
95-->[androidx.profileinstaller:profileinstaller:1.3.1] AndroidManifest.xml:44:17-85
95-->[androidx.profileinstaller:profileinstaller:1.3.1] AndroidManifest.xml:44:25-82
96            </intent-filter>
97            <intent-filter>
97-->[androidx.profileinstaller:profileinstaller:1.3.1] AndroidManifest.xml:46:13-48:29
98                <action android:name="androidx.profileinstaller.action.SAVE_PROFILE" />
98-->[androidx.profileinstaller:profileinstaller:1.3.1] AndroidManifest.xml:47:17-88
98-->[androidx.profileinstaller:profileinstaller:1.3.1] AndroidManifest.xml:47:25-85
99            </intent-filter>
100            <intent-filter>
100-->[androidx.profileinstaller:profileinstaller:1.3.1] AndroidManifest.xml:49:13-51:29
101                <action android:name="androidx.profileinstaller.action.BENCHMARK_OPERATION" />
101-->[androidx.profileinstaller:profileinstaller:1.3.1] AndroidManifest.xml:50:17-95
101-->[androidx.profileinstaller:profileinstaller:1.3.1] AndroidManifest.xml:50:25-92
102            </intent-filter>
103        </receiver>
104    </application>
105
106</manifest>